<?xml version="1.0" encoding="UTF-8"?>
<!-- Generated by org.testng.reporters.JUnitReportReporter -->
<testsuite skipped="0" hostname="MAVBCP139" name="com.iosapp.tests.parallelbrowser" tests="1" failures="0" timestamp="2020-07-18T02:26:24 IST" time="2.821" errors="0">
  <testcase name="verifySearchButton" time="2.821" classname="com.iosapp.tests.parallelbrowser"/>
  <system-out/>
</testsuite> <!-- com.iosapp.tests.parallelbrowser -->
