<?xml version="1.0" encoding="UTF-8"?>
<!-- Generated by org.testng.reporters.JUnitReportReporter -->
<testsuite skipped="0" hostname="MAVBCP139" name="com.multibrowser.parallelbrowser" tests="1" failures="0" timestamp="2020-08-04T18:57:00 IST" time="3.655" errors="0">
  <testcase name="verifySearchButton" time="3.655" classname="com.multibrowser.parallelbrowser"/>
  <system-out/>
</testsuite> <!-- com.multibrowser.parallelbrowser -->
